have_func: checking for rb_syserr_fail_str(0, Qnil)... -------------------- yes

"clang -fdeclspec -o conftest -I/Users/gjd/.asdf/installs/ruby/3.0.2/include/ruby-3.0.0/arm64-darwin21 -I/Users/gjd/.asdf/installs/ruby/3.0.2/include/ruby-3.0.0/ruby/backward -I/Users/gjd/.asdf/installs/ruby/3.0.2/include/ruby-3.0.0 -I. -I/Users/gjd/.asdf/installs/ruby/3.0.2/include  -D_XOPEN_SOURCE -D_DARWIN_C_SOURCE -D_DARWIN_UNLIMITED_SELECT -D_REENTRANT   -O3 -ggdb3 -Wall -Wextra -Wdeprecated-declarations -Wdivision-by-zero -Wimplicit-function-declaration -Wimplicit-int -Wmisleading-indentation -Wpointer-arith -Wshorten-64-to-32 -Wwrite-strings -Wmissing-noreturn -Wno-cast-function-type -Wno-constant-logical-operand -Wno-long-long -Wno-missing-field-initializers -Wno-overlength-strings -Wno-parentheses-equality -Wno-self-assign -Wno-tautological-compare -Wno-unused-parameter -Wno-unused-value -Wunused-variable -Wextra-tokens -fno-common -pipe conftest.c  -L. -L/Users/gjd/.asdf/installs/ruby/3.0.2/lib -L. -L/Users/gjd/.asdf/installs/ruby/3.0.2/lib  -fstack-protector-strong  -m64   -lruby.3.0   "
checked program was:
/* begin */
1: #include "ruby.h"
2: 
3: int main(int argc, char **argv)
4: {
5:   return !!argv[argc];
6: }
/* end */

"clang -fdeclspec -o conftest -I/Users/gjd/.asdf/installs/ruby/3.0.2/include/ruby-3.0.0/arm64-darwin21 -I/Users/gjd/.asdf/installs/ruby/3.0.2/include/ruby-3.0.0/ruby/backward -I/Users/gjd/.asdf/installs/ruby/3.0.2/include/ruby-3.0.0 -I. -I/Users/gjd/.asdf/installs/ruby/3.0.2/include  -D_XOPEN_SOURCE -D_DARWIN_C_SOURCE -D_DARWIN_UNLIMITED_SELECT -D_REENTRANT   -O3 -ggdb3 -Wall -Wextra -Wdeprecated-declarations -Wdivision-by-zero -Wimplicit-function-declaration -Wimplicit-int -Wmisleading-indentation -Wpointer-arith -Wshorten-64-to-32 -Wwrite-strings -Wmissing-noreturn -Wno-cast-function-type -Wno-constant-logical-operand -Wno-long-long -Wno-missing-field-initializers -Wno-overlength-strings -Wno-parentheses-equality -Wno-self-assign -Wno-tautological-compare -Wno-unused-parameter -Wno-unused-value -Wunused-variable -Wextra-tokens -fno-common -pipe conftest.c  -L. -L/Users/gjd/.asdf/installs/ruby/3.0.2/lib -L. -L/Users/gjd/.asdf/installs/ruby/3.0.2/lib  -fstack-protector-strong  -m64   -lruby.3.0   "
checked program was:
/* begin */
 1: #include "ruby.h"
 2: 
 3: /*top*/
 4: extern int t(void);
 5: int main(int argc, char **argv)
 6: {
 7:   if (argc > 1000000) {
 8:     int (* volatile tp)(void)=(int (*)(void))&t;
 9:     printf("%d", (*tp)());
10:   }
11: 
12:   return !!argv[argc];
13: }
14: 
15: int t(void) { rb_syserr_fail_str(0, Qnil); return 0; }
/* end */

--------------------

have_func: checking for rb_interned_str_cstr()... -------------------- yes

"clang -fdeclspec -o conftest -I/Users/gjd/.asdf/installs/ruby/3.0.2/include/ruby-3.0.0/arm64-darwin21 -I/Users/gjd/.asdf/installs/ruby/3.0.2/include/ruby-3.0.0/ruby/backward -I/Users/gjd/.asdf/installs/ruby/3.0.2/include/ruby-3.0.0 -I. -I/Users/gjd/.asdf/installs/ruby/3.0.2/include  -D_XOPEN_SOURCE -D_DARWIN_C_SOURCE -D_DARWIN_UNLIMITED_SELECT -D_REENTRANT   -O3 -ggdb3 -Wall -Wextra -Wdeprecated-declarations -Wdivision-by-zero -Wimplicit-function-declaration -Wimplicit-int -Wmisleading-indentation -Wpointer-arith -Wshorten-64-to-32 -Wwrite-strings -Wmissing-noreturn -Wno-cast-function-type -Wno-constant-logical-operand -Wno-long-long -Wno-missing-field-initializers -Wno-overlength-strings -Wno-parentheses-equality -Wno-self-assign -Wno-tautological-compare -Wno-unused-parameter -Wno-unused-value -Wunused-variable -Wextra-tokens -fno-common -pipe conftest.c  -L. -L/Users/gjd/.asdf/installs/ruby/3.0.2/lib -L. -L/Users/gjd/.asdf/installs/ruby/3.0.2/lib  -fstack-protector-strong  -m64   -lruby.3.0   "
checked program was:
/* begin */
 1: #include "ruby.h"
 2: 
 3: /*top*/
 4: extern int t(void);
 5: int main(int argc, char **argv)
 6: {
 7:   if (argc > 1000000) {
 8:     int (* volatile tp)(void)=(int (*)(void))&t;
 9:     printf("%d", (*tp)());
10:   }
11: 
12:   return !!argv[argc];
13: }
14: int t(void) { void ((*volatile p)()); p = (void ((*)()))rb_interned_str_cstr; return !p; }
/* end */

--------------------

have_func: checking for rb_io_path() in ruby/io.h... -------------------- no

"clang -fdeclspec -o conftest -I/Users/gjd/.asdf/installs/ruby/3.0.2/include/ruby-3.0.0/arm64-darwin21 -I/Users/gjd/.asdf/installs/ruby/3.0.2/include/ruby-3.0.0/ruby/backward -I/Users/gjd/.asdf/installs/ruby/3.0.2/include/ruby-3.0.0 -I. -I/Users/gjd/.asdf/installs/ruby/3.0.2/include  -D_XOPEN_SOURCE -D_DARWIN_C_SOURCE -D_DARWIN_UNLIMITED_SELECT -D_REENTRANT   -O3 -ggdb3 -Wall -Wextra -Wdeprecated-declarations -Wdivision-by-zero -Wimplicit-function-declaration -Wimplicit-int -Wmisleading-indentation -Wpointer-arith -Wshorten-64-to-32 -Wwrite-strings -Wmissing-noreturn -Wno-cast-function-type -Wno-constant-logical-operand -Wno-long-long -Wno-missing-field-initializers -Wno-overlength-strings -Wno-parentheses-equality -Wno-self-assign -Wno-tautological-compare -Wno-unused-parameter -Wno-unused-value -Wunused-variable -Wextra-tokens -fno-common -pipe conftest.c  -L. -L/Users/gjd/.asdf/installs/ruby/3.0.2/lib -L. -L/Users/gjd/.asdf/installs/ruby/3.0.2/lib  -fstack-protector-strong  -m64   -lruby.3.0   "
conftest.c:16:57: error: use of undeclared identifier 'rb_io_path'
   16 | int t(void) { void ((*volatile p)()); p = (void ((*)()))rb_io_path; return !p; }
      |                                                         ^
1 error generated.
checked program was:
/* begin */
 1: #include "ruby.h"
 2: 
 3: #include <ruby/io.h>
 4: 
 5: /*top*/
 6: extern int t(void);
 7: int main(int argc, char **argv)
 8: {
 9:   if (argc > 1000000) {
10:     int (* volatile tp)(void)=(int (*)(void))&t;
11:     printf("%d", (*tp)());
12:   }
13: 
14:   return !!argv[argc];
15: }
16: int t(void) { void ((*volatile p)()); p = (void ((*)()))rb_io_path; return !p; }
/* end */

"clang -fdeclspec -o conftest -I/Users/gjd/.asdf/installs/ruby/3.0.2/include/ruby-3.0.0/arm64-darwin21 -I/Users/gjd/.asdf/installs/ruby/3.0.2/include/ruby-3.0.0/ruby/backward -I/Users/gjd/.asdf/installs/ruby/3.0.2/include/ruby-3.0.0 -I. -I/Users/gjd/.asdf/installs/ruby/3.0.2/include  -D_XOPEN_SOURCE -D_DARWIN_C_SOURCE -D_DARWIN_UNLIMITED_SELECT -D_REENTRANT   -O3 -ggdb3 -Wall -Wextra -Wdeprecated-declarations -Wdivision-by-zero -Wimplicit-function-declaration -Wimplicit-int -Wmisleading-indentation -Wpointer-arith -Wshorten-64-to-32 -Wwrite-strings -Wmissing-noreturn -Wno-cast-function-type -Wno-constant-logical-operand -Wno-long-long -Wno-missing-field-initializers -Wno-overlength-strings -Wno-parentheses-equality -Wno-self-assign -Wno-tautological-compare -Wno-unused-parameter -Wno-unused-value -Wunused-variable -Wextra-tokens -fno-common -pipe conftest.c  -L. -L/Users/gjd/.asdf/installs/ruby/3.0.2/lib -L. -L/Users/gjd/.asdf/installs/ruby/3.0.2/lib  -fstack-protector-strong  -m64   -lruby.3.0   "
Undefined symbols for architecture arm64:
  "_rb_io_path", referenced from:
      _t in conftest-8884af.o
ld: symbol(s) not found for architecture arm64
clang: error: linker command failed with exit code 1 (use -v to see invocation)
checked program was:
/* begin */
 1: #include "ruby.h"
 2: 
 3: #include <ruby/io.h>
 4: 
 5: /*top*/
 6: extern int t(void);
 7: int main(int argc, char **argv)
 8: {
 9:   if (argc > 1000000) {
10:     int (* volatile tp)(void)=(int (*)(void))&t;
11:     printf("%d", (*tp)());
12:   }
13: 
14:   return !!argv[argc];
15: }
16: extern void rb_io_path();
17: int t(void) { rb_io_path(); return 0; }
/* end */

--------------------

have_func: checking for rb_io_descriptor() in ruby/io.h... -------------------- no

"clang -fdeclspec -o conftest -I/Users/gjd/.asdf/installs/ruby/3.0.2/include/ruby-3.0.0/arm64-darwin21 -I/Users/gjd/.asdf/installs/ruby/3.0.2/include/ruby-3.0.0/ruby/backward -I/Users/gjd/.asdf/installs/ruby/3.0.2/include/ruby-3.0.0 -I. -I/Users/gjd/.asdf/installs/ruby/3.0.2/include  -D_XOPEN_SOURCE -D_DARWIN_C_SOURCE -D_DARWIN_UNLIMITED_SELECT -D_REENTRANT   -O3 -ggdb3 -Wall -Wextra -Wdeprecated-declarations -Wdivision-by-zero -Wimplicit-function-declaration -Wimplicit-int -Wmisleading-indentation -Wpointer-arith -Wshorten-64-to-32 -Wwrite-strings -Wmissing-noreturn -Wno-cast-function-type -Wno-constant-logical-operand -Wno-long-long -Wno-missing-field-initializers -Wno-overlength-strings -Wno-parentheses-equality -Wno-self-assign -Wno-tautological-compare -Wno-unused-parameter -Wno-unused-value -Wunused-variable -Wextra-tokens -fno-common -pipe conftest.c  -L. -L/Users/gjd/.asdf/installs/ruby/3.0.2/lib -L. -L/Users/gjd/.asdf/installs/ruby/3.0.2/lib  -fstack-protector-strong  -m64   -lruby.3.0   "
conftest.c:16:57: error: use of undeclared identifier 'rb_io_descriptor'
   16 | int t(void) { void ((*volatile p)()); p = (void ((*)()))rb_io_descriptor; return !p; }
      |                                                         ^
1 error generated.
checked program was:
/* begin */
 1: #include "ruby.h"
 2: 
 3: #include <ruby/io.h>
 4: 
 5: /*top*/
 6: extern int t(void);
 7: int main(int argc, char **argv)
 8: {
 9:   if (argc > 1000000) {
10:     int (* volatile tp)(void)=(int (*)(void))&t;
11:     printf("%d", (*tp)());
12:   }
13: 
14:   return !!argv[argc];
15: }
16: int t(void) { void ((*volatile p)()); p = (void ((*)()))rb_io_descriptor; return !p; }
/* end */

"clang -fdeclspec -o conftest -I/Users/gjd/.asdf/installs/ruby/3.0.2/include/ruby-3.0.0/arm64-darwin21 -I/Users/gjd/.asdf/installs/ruby/3.0.2/include/ruby-3.0.0/ruby/backward -I/Users/gjd/.asdf/installs/ruby/3.0.2/include/ruby-3.0.0 -I. -I/Users/gjd/.asdf/installs/ruby/3.0.2/include  -D_XOPEN_SOURCE -D_DARWIN_C_SOURCE -D_DARWIN_UNLIMITED_SELECT -D_REENTRANT   -O3 -ggdb3 -Wall -Wextra -Wdeprecated-declarations -Wdivision-by-zero -Wimplicit-function-declaration -Wimplicit-int -Wmisleading-indentation -Wpointer-arith -Wshorten-64-to-32 -Wwrite-strings -Wmissing-noreturn -Wno-cast-function-type -Wno-constant-logical-operand -Wno-long-long -Wno-missing-field-initializers -Wno-overlength-strings -Wno-parentheses-equality -Wno-self-assign -Wno-tautological-compare -Wno-unused-parameter -Wno-unused-value -Wunused-variable -Wextra-tokens -fno-common -pipe conftest.c  -L. -L/Users/gjd/.asdf/installs/ruby/3.0.2/lib -L. -L/Users/gjd/.asdf/installs/ruby/3.0.2/lib  -fstack-protector-strong  -m64   -lruby.3.0   "
Undefined symbols for architecture arm64:
  "_rb_io_descriptor", referenced from:
      _t in conftest-bf9ee9.o
ld: symbol(s) not found for architecture arm64
clang: error: linker command failed with exit code 1 (use -v to see invocation)
checked program was:
/* begin */
 1: #include "ruby.h"
 2: 
 3: #include <ruby/io.h>
 4: 
 5: /*top*/
 6: extern int t(void);
 7: int main(int argc, char **argv)
 8: {
 9:   if (argc > 1000000) {
10:     int (* volatile tp)(void)=(int (*)(void))&t;
11:     printf("%d", (*tp)());
12:   }
13: 
14:   return !!argv[argc];
15: }
16: extern void rb_io_descriptor();
17: int t(void) { rb_io_descriptor(); return 0; }
/* end */

--------------------

have_func: checking for rb_io_get_write_io() in ruby/io.h... -------------------- yes

"clang -fdeclspec -o conftest -I/Users/gjd/.asdf/installs/ruby/3.0.2/include/ruby-3.0.0/arm64-darwin21 -I/Users/gjd/.asdf/installs/ruby/3.0.2/include/ruby-3.0.0/ruby/backward -I/Users/gjd/.asdf/installs/ruby/3.0.2/include/ruby-3.0.0 -I. -I/Users/gjd/.asdf/installs/ruby/3.0.2/include  -D_XOPEN_SOURCE -D_DARWIN_C_SOURCE -D_DARWIN_UNLIMITED_SELECT -D_REENTRANT   -O3 -ggdb3 -Wall -Wextra -Wdeprecated-declarations -Wdivision-by-zero -Wimplicit-function-declaration -Wimplicit-int -Wmisleading-indentation -Wpointer-arith -Wshorten-64-to-32 -Wwrite-strings -Wmissing-noreturn -Wno-cast-function-type -Wno-constant-logical-operand -Wno-long-long -Wno-missing-field-initializers -Wno-overlength-strings -Wno-parentheses-equality -Wno-self-assign -Wno-tautological-compare -Wno-unused-parameter -Wno-unused-value -Wunused-variable -Wextra-tokens -fno-common -pipe conftest.c  -L. -L/Users/gjd/.asdf/installs/ruby/3.0.2/lib -L. -L/Users/gjd/.asdf/installs/ruby/3.0.2/lib  -fstack-protector-strong  -m64   -lruby.3.0   "
checked program was:
/* begin */
 1: #include "ruby.h"
 2: 
 3: #include <ruby/io.h>
 4: 
 5: /*top*/
 6: extern int t(void);
 7: int main(int argc, char **argv)
 8: {
 9:   if (argc > 1000000) {
10:     int (* volatile tp)(void)=(int (*)(void))&t;
11:     printf("%d", (*tp)());
12:   }
13: 
14:   return !!argv[argc];
15: }
16: int t(void) { void ((*volatile p)()); p = (void ((*)()))rb_io_get_write_io; return !p; }
/* end */

--------------------

have_func: checking for rb_io_closed_p() in ruby/io.h... -------------------- no

"clang -fdeclspec -o conftest -I/Users/gjd/.asdf/installs/ruby/3.0.2/include/ruby-3.0.0/arm64-darwin21 -I/Users/gjd/.asdf/installs/ruby/3.0.2/include/ruby-3.0.0/ruby/backward -I/Users/gjd/.asdf/installs/ruby/3.0.2/include/ruby-3.0.0 -I. -I/Users/gjd/.asdf/installs/ruby/3.0.2/include  -D_XOPEN_SOURCE -D_DARWIN_C_SOURCE -D_DARWIN_UNLIMITED_SELECT -D_REENTRANT   -O3 -ggdb3 -Wall -Wextra -Wdeprecated-declarations -Wdivision-by-zero -Wimplicit-function-declaration -Wimplicit-int -Wmisleading-indentation -Wpointer-arith -Wshorten-64-to-32 -Wwrite-strings -Wmissing-noreturn -Wno-cast-function-type -Wno-constant-logical-operand -Wno-long-long -Wno-missing-field-initializers -Wno-overlength-strings -Wno-parentheses-equality -Wno-self-assign -Wno-tautological-compare -Wno-unused-parameter -Wno-unused-value -Wunused-variable -Wextra-tokens -fno-common -pipe conftest.c  -L. -L/Users/gjd/.asdf/installs/ruby/3.0.2/lib -L. -L/Users/gjd/.asdf/installs/ruby/3.0.2/lib  -fstack-protector-strong  -m64   -lruby.3.0   "
conftest.c:16:57: error: use of undeclared identifier 'rb_io_closed_p'
   16 | int t(void) { void ((*volatile p)()); p = (void ((*)()))rb_io_closed_p; return !p; }
      |                                                         ^
1 error generated.
checked program was:
/* begin */
 1: #include "ruby.h"
 2: 
 3: #include <ruby/io.h>
 4: 
 5: /*top*/
 6: extern int t(void);
 7: int main(int argc, char **argv)
 8: {
 9:   if (argc > 1000000) {
10:     int (* volatile tp)(void)=(int (*)(void))&t;
11:     printf("%d", (*tp)());
12:   }
13: 
14:   return !!argv[argc];
15: }
16: int t(void) { void ((*volatile p)()); p = (void ((*)()))rb_io_closed_p; return !p; }
/* end */

"clang -fdeclspec -o conftest -I/Users/gjd/.asdf/installs/ruby/3.0.2/include/ruby-3.0.0/arm64-darwin21 -I/Users/gjd/.asdf/installs/ruby/3.0.2/include/ruby-3.0.0/ruby/backward -I/Users/gjd/.asdf/installs/ruby/3.0.2/include/ruby-3.0.0 -I. -I/Users/gjd/.asdf/installs/ruby/3.0.2/include  -D_XOPEN_SOURCE -D_DARWIN_C_SOURCE -D_DARWIN_UNLIMITED_SELECT -D_REENTRANT   -O3 -ggdb3 -Wall -Wextra -Wdeprecated-declarations -Wdivision-by-zero -Wimplicit-function-declaration -Wimplicit-int -Wmisleading-indentation -Wpointer-arith -Wshorten-64-to-32 -Wwrite-strings -Wmissing-noreturn -Wno-cast-function-type -Wno-constant-logical-operand -Wno-long-long -Wno-missing-field-initializers -Wno-overlength-strings -Wno-parentheses-equality -Wno-self-assign -Wno-tautological-compare -Wno-unused-parameter -Wno-unused-value -Wunused-variable -Wextra-tokens -fno-common -pipe conftest.c  -L. -L/Users/gjd/.asdf/installs/ruby/3.0.2/lib -L. -L/Users/gjd/.asdf/installs/ruby/3.0.2/lib  -fstack-protector-strong  -m64   -lruby.3.0   "
Undefined symbols for architecture arm64:
  "_rb_io_closed_p", referenced from:
      _t in conftest-0fa8e3.o
ld: symbol(s) not found for architecture arm64
clang: error: linker command failed with exit code 1 (use -v to see invocation)
checked program was:
/* begin */
 1: #include "ruby.h"
 2: 
 3: #include <ruby/io.h>
 4: 
 5: /*top*/
 6: extern int t(void);
 7: int main(int argc, char **argv)
 8: {
 9:   if (argc > 1000000) {
10:     int (* volatile tp)(void)=(int (*)(void))&t;
11:     printf("%d", (*tp)());
12:   }
13: 
14:   return !!argv[argc];
15: }
16: extern void rb_io_closed_p();
17: int t(void) { rb_io_closed_p(); return 0; }
/* end */

--------------------

have_func: checking for rb_io_open_descriptor() in ruby/io.h... -------------------- no

"clang -fdeclspec -o conftest -I/Users/gjd/.asdf/installs/ruby/3.0.2/include/ruby-3.0.0/arm64-darwin21 -I/Users/gjd/.asdf/installs/ruby/3.0.2/include/ruby-3.0.0/ruby/backward -I/Users/gjd/.asdf/installs/ruby/3.0.2/include/ruby-3.0.0 -I. -I/Users/gjd/.asdf/installs/ruby/3.0.2/include  -D_XOPEN_SOURCE -D_DARWIN_C_SOURCE -D_DARWIN_UNLIMITED_SELECT -D_REENTRANT   -O3 -ggdb3 -Wall -Wextra -Wdeprecated-declarations -Wdivision-by-zero -Wimplicit-function-declaration -Wimplicit-int -Wmisleading-indentation -Wpointer-arith -Wshorten-64-to-32 -Wwrite-strings -Wmissing-noreturn -Wno-cast-function-type -Wno-constant-logical-operand -Wno-long-long -Wno-missing-field-initializers -Wno-overlength-strings -Wno-parentheses-equality -Wno-self-assign -Wno-tautological-compare -Wno-unused-parameter -Wno-unused-value -Wunused-variable -Wextra-tokens -fno-common -pipe conftest.c  -L. -L/Users/gjd/.asdf/installs/ruby/3.0.2/lib -L. -L/Users/gjd/.asdf/installs/ruby/3.0.2/lib  -fstack-protector-strong  -m64   -lruby.3.0   "
conftest.c:16:57: error: use of undeclared identifier 'rb_io_open_descriptor'
   16 | int t(void) { void ((*volatile p)()); p = (void ((*)()))rb_io_open_descriptor; return !p; }
      |                                                         ^
1 error generated.
checked program was:
/* begin */
 1: #include "ruby.h"
 2: 
 3: #include <ruby/io.h>
 4: 
 5: /*top*/
 6: extern int t(void);
 7: int main(int argc, char **argv)
 8: {
 9:   if (argc > 1000000) {
10:     int (* volatile tp)(void)=(int (*)(void))&t;
11:     printf("%d", (*tp)());
12:   }
13: 
14:   return !!argv[argc];
15: }
16: int t(void) { void ((*volatile p)()); p = (void ((*)()))rb_io_open_descriptor; return !p; }
/* end */

"clang -fdeclspec -o conftest -I/Users/gjd/.asdf/installs/ruby/3.0.2/include/ruby-3.0.0/arm64-darwin21 -I/Users/gjd/.asdf/installs/ruby/3.0.2/include/ruby-3.0.0/ruby/backward -I/Users/gjd/.asdf/installs/ruby/3.0.2/include/ruby-3.0.0 -I. -I/Users/gjd/.asdf/installs/ruby/3.0.2/include  -D_XOPEN_SOURCE -D_DARWIN_C_SOURCE -D_DARWIN_UNLIMITED_SELECT -D_REENTRANT   -O3 -ggdb3 -Wall -Wextra -Wdeprecated-declarations -Wdivision-by-zero -Wimplicit-function-declaration -Wimplicit-int -Wmisleading-indentation -Wpointer-arith -Wshorten-64-to-32 -Wwrite-strings -Wmissing-noreturn -Wno-cast-function-type -Wno-constant-logical-operand -Wno-long-long -Wno-missing-field-initializers -Wno-overlength-strings -Wno-parentheses-equality -Wno-self-assign -Wno-tautological-compare -Wno-unused-parameter -Wno-unused-value -Wunused-variable -Wextra-tokens -fno-common -pipe conftest.c  -L. -L/Users/gjd/.asdf/installs/ruby/3.0.2/lib -L. -L/Users/gjd/.asdf/installs/ruby/3.0.2/lib  -fstack-protector-strong  -m64   -lruby.3.0   "
Undefined symbols for architecture arm64:
  "_rb_io_open_descriptor", referenced from:
      _t in conftest-8bb671.o
ld: symbol(s) not found for architecture arm64
clang: error: linker command failed with exit code 1 (use -v to see invocation)
checked program was:
/* begin */
 1: #include "ruby.h"
 2: 
 3: #include <ruby/io.h>
 4: 
 5: /*top*/
 6: extern int t(void);
 7: int main(int argc, char **argv)
 8: {
 9:   if (argc > 1000000) {
10:     int (* volatile tp)(void)=(int (*)(void))&t;
11:     printf("%d", (*tp)());
12:   }
13: 
14:   return !!argv[argc];
15: }
16: extern void rb_io_open_descriptor();
17: int t(void) { rb_io_open_descriptor(); return 0; }
/* end */

--------------------

have_func: checking for rb_ractor_local_storage_value_newkey()... -------------------- yes

"clang -fdeclspec -o conftest -I/Users/gjd/.asdf/installs/ruby/3.0.2/include/ruby-3.0.0/arm64-darwin21 -I/Users/gjd/.asdf/installs/ruby/3.0.2/include/ruby-3.0.0/ruby/backward -I/Users/gjd/.asdf/installs/ruby/3.0.2/include/ruby-3.0.0 -I. -I/Users/gjd/.asdf/installs/ruby/3.0.2/include  -D_XOPEN_SOURCE -D_DARWIN_C_SOURCE -D_DARWIN_UNLIMITED_SELECT -D_REENTRANT   -O3 -ggdb3 -Wall -Wextra -Wdeprecated-declarations -Wdivision-by-zero -Wimplicit-function-declaration -Wimplicit-int -Wmisleading-indentation -Wpointer-arith -Wshorten-64-to-32 -Wwrite-strings -Wmissing-noreturn -Wno-cast-function-type -Wno-constant-logical-operand -Wno-long-long -Wno-missing-field-initializers -Wno-overlength-strings -Wno-parentheses-equality -Wno-self-assign -Wno-tautological-compare -Wno-unused-parameter -Wno-unused-value -Wunused-variable -Wextra-tokens -fno-common -pipe conftest.c  -L. -L/Users/gjd/.asdf/installs/ruby/3.0.2/lib -L. -L/Users/gjd/.asdf/installs/ruby/3.0.2/lib  -fstack-protector-strong  -m64   -lruby.3.0   "
conftest.c:14:57: error: use of undeclared identifier 'rb_ractor_local_storage_value_newkey'
   14 | int t(void) { void ((*volatile p)()); p = (void ((*)()))rb_ractor_local_storage_value_newkey; return !p; }
      |                                                         ^
1 error generated.
checked program was:
/* begin */
 1: #include "ruby.h"
 2: 
 3: /*top*/
 4: extern int t(void);
 5: int main(int argc, char **argv)
 6: {
 7:   if (argc > 1000000) {
 8:     int (* volatile tp)(void)=(int (*)(void))&t;
 9:     printf("%d", (*tp)());
10:   }
11: 
12:   return !!argv[argc];
13: }
14: int t(void) { void ((*volatile p)()); p = (void ((*)()))rb_ractor_local_storage_value_newkey; return !p; }
/* end */

"clang -fdeclspec -o conftest -I/Users/gjd/.asdf/installs/ruby/3.0.2/include/ruby-3.0.0/arm64-darwin21 -I/Users/gjd/.asdf/installs/ruby/3.0.2/include/ruby-3.0.0/ruby/backward -I/Users/gjd/.asdf/installs/ruby/3.0.2/include/ruby-3.0.0 -I. -I/Users/gjd/.asdf/installs/ruby/3.0.2/include  -D_XOPEN_SOURCE -D_DARWIN_C_SOURCE -D_DARWIN_UNLIMITED_SELECT -D_REENTRANT   -O3 -ggdb3 -Wall -Wextra -Wdeprecated-declarations -Wdivision-by-zero -Wimplicit-function-declaration -Wimplicit-int -Wmisleading-indentation -Wpointer-arith -Wshorten-64-to-32 -Wwrite-strings -Wmissing-noreturn -Wno-cast-function-type -Wno-constant-logical-operand -Wno-long-long -Wno-missing-field-initializers -Wno-overlength-strings -Wno-parentheses-equality -Wno-self-assign -Wno-tautological-compare -Wno-unused-parameter -Wno-unused-value -Wunused-variable -Wextra-tokens -fno-common -pipe conftest.c  -L. -L/Users/gjd/.asdf/installs/ruby/3.0.2/lib -L. -L/Users/gjd/.asdf/installs/ruby/3.0.2/lib  -fstack-protector-strong  -m64   -lruby.3.0   "
checked program was:
/* begin */
 1: #include "ruby.h"
 2: 
 3: /*top*/
 4: extern int t(void);
 5: int main(int argc, char **argv)
 6: {
 7:   if (argc > 1000000) {
 8:     int (* volatile tp)(void)=(int (*)(void))&t;
 9:     printf("%d", (*tp)());
10:   }
11: 
12:   return !!argv[argc];
13: }
14: extern void rb_ractor_local_storage_value_newkey();
15: int t(void) { rb_ractor_local_storage_value_newkey(); return 0; }
/* end */

--------------------

"clang -fdeclspec -I/Users/gjd/.asdf/installs/ruby/3.0.2/include/ruby-3.0.0/arm64-darwin21 -I/Users/gjd/.asdf/installs/ruby/3.0.2/include/ruby-3.0.0/ruby/backward -I/Users/gjd/.asdf/installs/ruby/3.0.2/include/ruby-3.0.0 -I. -I/Users/gjd/.asdf/installs/ruby/3.0.2/include  -D_XOPEN_SOURCE -D_DARWIN_C_SOURCE -D_DARWIN_UNLIMITED_SELECT -D_REENTRANT   -O3 -ggdb3 -Wall -Wextra -Wdeprecated-declarations -Wdivision-by-zero -Wimplicit-function-declaration -Wimplicit-int -Wmisleading-indentation -Wpointer-arith -Wshorten-64-to-32 -Wwrite-strings -Wmissing-noreturn -Wno-cast-function-type -Wno-constant-logical-operand -Wno-long-long -Wno-missing-field-initializers -Wno-overlength-strings -Wno-parentheses-equality -Wno-self-assign -Wno-tautological-compare -Wno-unused-parameter -Wno-unused-value -Wunused-variable -Wextra-tokens -fno-common -pipe -m64  -c conftest.c"
conftest.c:5:3: error: 
    5 | # error
      |   ^
conftest.c:6:1: error: expected identifier or '('
    6 | |:/ === _WIN32 undefined === /:|
      | ^
2 errors generated.
checked program was:
/* begin */
1: #include "ruby.h"
2: 
3: /*top*/
4: #ifndef _WIN32
5: # error
6: |:/ === _WIN32 undefined === /:|
7: #endif
/* end */

have_header: checking for termios.h... -------------------- yes

"clang -E -I/Users/gjd/.asdf/installs/ruby/3.0.2/include/ruby-3.0.0/arm64-darwin21 -I/Users/gjd/.asdf/installs/ruby/3.0.2/include/ruby-3.0.0/ruby/backward -I/Users/gjd/.asdf/installs/ruby/3.0.2/include/ruby-3.0.0 -I. -I/Users/gjd/.asdf/installs/ruby/3.0.2/include  -D_XOPEN_SOURCE -D_DARWIN_C_SOURCE -D_DARWIN_UNLIMITED_SELECT -D_REENTRANT   -O3 -ggdb3 -Wall -Wextra -Wdeprecated-declarations -Wdivision-by-zero -Wimplicit-function-declaration -Wimplicit-int -Wmisleading-indentation -Wpointer-arith -Wshorten-64-to-32 -Wwrite-strings -Wmissing-noreturn -Wno-cast-function-type -Wno-constant-logical-operand -Wno-long-long -Wno-missing-field-initializers -Wno-overlength-strings -Wno-parentheses-equality -Wno-self-assign -Wno-tautological-compare -Wno-unused-parameter -Wno-unused-value -Wunused-variable -Wextra-tokens -fno-common -pipe  conftest.c -o conftest.i"
checked program was:
/* begin */
1: #include "ruby.h"
2: 
3: #include <termios.h>
/* end */

--------------------

have_func: checking for cfmakeraw() in termios.h... -------------------- yes

"clang -fdeclspec -o conftest -I/Users/gjd/.asdf/installs/ruby/3.0.2/include/ruby-3.0.0/arm64-darwin21 -I/Users/gjd/.asdf/installs/ruby/3.0.2/include/ruby-3.0.0/ruby/backward -I/Users/gjd/.asdf/installs/ruby/3.0.2/include/ruby-3.0.0 -I. -I/Users/gjd/.asdf/installs/ruby/3.0.2/include  -D_XOPEN_SOURCE -D_DARWIN_C_SOURCE -D_DARWIN_UNLIMITED_SELECT -D_REENTRANT   -O3 -ggdb3 -Wall -Wextra -Wdeprecated-declarations -Wdivision-by-zero -Wimplicit-function-declaration -Wimplicit-int -Wmisleading-indentation -Wpointer-arith -Wshorten-64-to-32 -Wwrite-strings -Wmissing-noreturn -Wno-cast-function-type -Wno-constant-logical-operand -Wno-long-long -Wno-missing-field-initializers -Wno-overlength-strings -Wno-parentheses-equality -Wno-self-assign -Wno-tautological-compare -Wno-unused-parameter -Wno-unused-value -Wunused-variable -Wextra-tokens -fno-common -pipe conftest.c  -L. -L/Users/gjd/.asdf/installs/ruby/3.0.2/lib -L. -L/Users/gjd/.asdf/installs/ruby/3.0.2/lib  -fstack-protector-strong  -m64   -lruby.3.0   "
checked program was:
/* begin */
 1: #include "ruby.h"
 2: 
 3: #include <termios.h>
 4: 
 5: /*top*/
 6: extern int t(void);
 7: int main(int argc, char **argv)
 8: {
 9:   if (argc > 1000000) {
10:     int (* volatile tp)(void)=(int (*)(void))&t;
11:     printf("%d", (*tp)());
12:   }
13: 
14:   return !!argv[argc];
15: }
16: int t(void) { void ((*volatile p)()); p = (void ((*)()))cfmakeraw; return !p; }
/* end */

--------------------

have_header: checking for sys/ioctl.h... -------------------- yes

"clang -E -I/Users/gjd/.asdf/installs/ruby/3.0.2/include/ruby-3.0.0/arm64-darwin21 -I/Users/gjd/.asdf/installs/ruby/3.0.2/include/ruby-3.0.0/ruby/backward -I/Users/gjd/.asdf/installs/ruby/3.0.2/include/ruby-3.0.0 -I. -I/Users/gjd/.asdf/installs/ruby/3.0.2/include  -D_XOPEN_SOURCE -D_DARWIN_C_SOURCE -D_DARWIN_UNLIMITED_SELECT -D_REENTRANT   -O3 -ggdb3 -Wall -Wextra -Wdeprecated-declarations -Wdivision-by-zero -Wimplicit-function-declaration -Wimplicit-int -Wmisleading-indentation -Wpointer-arith -Wshorten-64-to-32 -Wwrite-strings -Wmissing-noreturn -Wno-cast-function-type -Wno-constant-logical-operand -Wno-long-long -Wno-missing-field-initializers -Wno-overlength-strings -Wno-parentheses-equality -Wno-self-assign -Wno-tautological-compare -Wno-unused-parameter -Wno-unused-value -Wunused-variable -Wextra-tokens -fno-common -pipe  conftest.c -o conftest.i"
checked program was:
/* begin */
1: #include "ruby.h"
2: 
3: #include <sys/ioctl.h>
/* end */

--------------------

have_macro: checking for HAVE_RUBY_FIBER_SCHEDULER_H... -------------------- no

"clang -fdeclspec -I/Users/gjd/.asdf/installs/ruby/3.0.2/include/ruby-3.0.0/arm64-darwin21 -I/Users/gjd/.asdf/installs/ruby/3.0.2/include/ruby-3.0.0/ruby/backward -I/Users/gjd/.asdf/installs/ruby/3.0.2/include/ruby-3.0.0 -I. -I/Users/gjd/.asdf/installs/ruby/3.0.2/include  -D_XOPEN_SOURCE -D_DARWIN_C_SOURCE -D_DARWIN_UNLIMITED_SELECT -D_REENTRANT   -O3 -ggdb3 -Wall -Wextra -Wdeprecated-declarations -Wdivision-by-zero -Wimplicit-function-declaration -Wimplicit-int -Wmisleading-indentation -Wpointer-arith -Wshorten-64-to-32 -Wwrite-strings -Wmissing-noreturn -Wno-cast-function-type -Wno-constant-logical-operand -Wno-long-long -Wno-missing-field-initializers -Wno-overlength-strings -Wno-parentheses-equality -Wno-self-assign -Wno-tautological-compare -Wno-unused-parameter -Wno-unused-value -Wunused-variable -Wextra-tokens -fno-common -pipe -m64  -c conftest.c"
conftest.c:5:3: error: 
    5 | # error
      |   ^
conftest.c:6:1: error: expected identifier or '('
    6 | |:/ === HAVE_RUBY_FIBER_SCHEDULER_H undefined === /:|
      | ^
2 errors generated.
checked program was:
/* begin */
1: #include "ruby.h"
2: 
3: /*top*/
4: #ifndef HAVE_RUBY_FIBER_SCHEDULER_H
5: # error
6: |:/ === HAVE_RUBY_FIBER_SCHEDULER_H undefined === /:|
7: #endif
/* end */

--------------------

have_func: checking for rb_scheduler_timeout()... -------------------- no

"clang -fdeclspec -o conftest -I/Users/gjd/.asdf/installs/ruby/3.0.2/include/ruby-3.0.0/arm64-darwin21 -I/Users/gjd/.asdf/installs/ruby/3.0.2/include/ruby-3.0.0/ruby/backward -I/Users/gjd/.asdf/installs/ruby/3.0.2/include/ruby-3.0.0 -I. -I/Users/gjd/.asdf/installs/ruby/3.0.2/include  -D_XOPEN_SOURCE -D_DARWIN_C_SOURCE -D_DARWIN_UNLIMITED_SELECT -D_REENTRANT   -O3 -ggdb3 -Wall -Wextra -Wdeprecated-declarations -Wdivision-by-zero -Wimplicit-function-declaration -Wimplicit-int -Wmisleading-indentation -Wpointer-arith -Wshorten-64-to-32 -Wwrite-strings -Wmissing-noreturn -Wno-cast-function-type -Wno-constant-logical-operand -Wno-long-long -Wno-missing-field-initializers -Wno-overlength-strings -Wno-parentheses-equality -Wno-self-assign -Wno-tautological-compare -Wno-unused-parameter -Wno-unused-value -Wunused-variable -Wextra-tokens -fno-common -pipe conftest.c  -L. -L/Users/gjd/.asdf/installs/ruby/3.0.2/lib -L. -L/Users/gjd/.asdf/installs/ruby/3.0.2/lib  -fstack-protector-strong  -m64   -lruby.3.0   "
conftest.c:14:57: error: use of undeclared identifier 'rb_scheduler_timeout'
   14 | int t(void) { void ((*volatile p)()); p = (void ((*)()))rb_scheduler_timeout; return !p; }
      |                                                         ^
1 error generated.
checked program was:
/* begin */
 1: #include "ruby.h"
 2: 
 3: /*top*/
 4: extern int t(void);
 5: int main(int argc, char **argv)
 6: {
 7:   if (argc > 1000000) {
 8:     int (* volatile tp)(void)=(int (*)(void))&t;
 9:     printf("%d", (*tp)());
10:   }
11: 
12:   return !!argv[argc];
13: }
14: int t(void) { void ((*volatile p)()); p = (void ((*)()))rb_scheduler_timeout; return !p; }
/* end */

"clang -fdeclspec -o conftest -I/Users/gjd/.asdf/installs/ruby/3.0.2/include/ruby-3.0.0/arm64-darwin21 -I/Users/gjd/.asdf/installs/ruby/3.0.2/include/ruby-3.0.0/ruby/backward -I/Users/gjd/.asdf/installs/ruby/3.0.2/include/ruby-3.0.0 -I. -I/Users/gjd/.asdf/installs/ruby/3.0.2/include  -D_XOPEN_SOURCE -D_DARWIN_C_SOURCE -D_DARWIN_UNLIMITED_SELECT -D_REENTRANT   -O3 -ggdb3 -Wall -Wextra -Wdeprecated-declarations -Wdivision-by-zero -Wimplicit-function-declaration -Wimplicit-int -Wmisleading-indentation -Wpointer-arith -Wshorten-64-to-32 -Wwrite-strings -Wmissing-noreturn -Wno-cast-function-type -Wno-constant-logical-operand -Wno-long-long -Wno-missing-field-initializers -Wno-overlength-strings -Wno-parentheses-equality -Wno-self-assign -Wno-tautological-compare -Wno-unused-parameter -Wno-unused-value -Wunused-variable -Wextra-tokens -fno-common -pipe conftest.c  -L. -L/Users/gjd/.asdf/installs/ruby/3.0.2/lib -L. -L/Users/gjd/.asdf/installs/ruby/3.0.2/lib  -fstack-protector-strong  -m64   -lruby.3.0   "
Undefined symbols for architecture arm64:
  "_rb_scheduler_timeout", referenced from:
      _t in conftest-c134f0.o
ld: symbol(s) not found for architecture arm64
clang: error: linker command failed with exit code 1 (use -v to see invocation)
checked program was:
/* begin */
 1: #include "ruby.h"
 2: 
 3: /*top*/
 4: extern int t(void);
 5: int main(int argc, char **argv)
 6: {
 7:   if (argc > 1000000) {
 8:     int (* volatile tp)(void)=(int (*)(void))&t;
 9:     printf("%d", (*tp)());
10:   }
11: 
12:   return !!argv[argc];
13: }
14: extern void rb_scheduler_timeout();
15: int t(void) { rb_scheduler_timeout(); return 0; }
/* end */

--------------------

have_func: checking for ttyname_r()... -------------------- yes

"clang -fdeclspec -o conftest -I/Users/gjd/.asdf/installs/ruby/3.0.2/include/ruby-3.0.0/arm64-darwin21 -I/Users/gjd/.asdf/installs/ruby/3.0.2/include/ruby-3.0.0/ruby/backward -I/Users/gjd/.asdf/installs/ruby/3.0.2/include/ruby-3.0.0 -I. -I/Users/gjd/.asdf/installs/ruby/3.0.2/include  -D_XOPEN_SOURCE -D_DARWIN_C_SOURCE -D_DARWIN_UNLIMITED_SELECT -D_REENTRANT   -O3 -ggdb3 -Wall -Wextra -Wdeprecated-declarations -Wdivision-by-zero -Wimplicit-function-declaration -Wimplicit-int -Wmisleading-indentation -Wpointer-arith -Wshorten-64-to-32 -Wwrite-strings -Wmissing-noreturn -Wno-cast-function-type -Wno-constant-logical-operand -Wno-long-long -Wno-missing-field-initializers -Wno-overlength-strings -Wno-parentheses-equality -Wno-self-assign -Wno-tautological-compare -Wno-unused-parameter -Wno-unused-value -Wunused-variable -Wextra-tokens -fno-common -pipe conftest.c  -L. -L/Users/gjd/.asdf/installs/ruby/3.0.2/lib -L. -L/Users/gjd/.asdf/installs/ruby/3.0.2/lib  -fstack-protector-strong  -m64   -lruby.3.0   "
checked program was:
/* begin */
 1: #include "ruby.h"
 2: 
 3: /*top*/
 4: extern int t(void);
 5: int main(int argc, char **argv)
 6: {
 7:   if (argc > 1000000) {
 8:     int (* volatile tp)(void)=(int (*)(void))&t;
 9:     printf("%d", (*tp)());
10:   }
11: 
12:   return !!argv[argc];
13: }
14: int t(void) { void ((*volatile p)()); p = (void ((*)()))ttyname_r; return !p; }
/* end */

--------------------

